<?xml version="1.0" encoding="UTF-8"?>
<!-- Generated by org.testng.reporters.JUnitReportReporter -->
<testsuite skipped="0" hostname="Lenovo" name="googleWindowHandle.GoogleWindowHandle" tests="1" failures="0" timestamp="2020-01-21T22:59:58 IST" time="27.349" errors="0">
  <testcase name="testSuccessHandleWindow" time="27.349" classname="googleWindowHandle.GoogleWindowHandle"/>
</testsuite> <!-- googleWindowHandle.GoogleWindowHandle -->
