<?xml version="1.0" encoding="UTF-8"?>
<!-- Generated by org.testng.reporters.JUnitReportReporter -->
<testsuite skipped="0" hostname="Lenovo" name="tc.TC_LoginPage" tests="1" failures="0" timestamp="2020-01-15T23:17:08 IST" time="21.986" errors="0">
  <testcase name="t_01_Validate_login_cs_cart" time="21.986" classname="tc.TC_LoginPage"/>
</testsuite> <!-- tc.TC_LoginPage -->
