<?xml version="1.0" encoding="UTF-8"?>
<!-- Generated by org.testng.reporters.JUnitReportReporter -->
<testsuite skipped="0" hostname="DESKTOP-70AVOOH" name="Carts.Cart_E" tests="1" failures="0" timestamp="13 Jan 2020 11:36:13 GMT" time="96.790" errors="0">
  <testcase name="login" time="96.790" classname="Carts.Cart_E"/>
</testsuite> <!-- Carts.Cart_E -->
