<?xml version="1.0" encoding="UTF-8"?>
<!-- Generated by org.testng.reporters.JUnitReportReporter -->
<testsuite skipped="0" hostname="DESKTOP-70AVOOH" name="com.facebook.pages.Register" tests="1" failures="0" timestamp="15 Jan 2020 08:03:12 GMT" time="37.290" errors="0">
  <testcase name="register" time="37.290" classname="com.facebook.pages.Register"/>
</testsuite> <!-- com.facebook.pages.Register -->
