<?xml version="1.0" encoding="UTF-8"?>
<!-- Generated by org.testng.reporters.JUnitReportReporter -->
<testsuite skipped="0" hostname="DESKTOP-70AVOOH" name="com.facebook.pages.Dataprovider" tests="2" failures="0" timestamp="17 Jan 2020 14:19:13 GMT" time="50.338" errors="0">
  <testcase name="testchrome" time="28.024" classname="com.facebook.pages.Dataprovider"/>
  <testcase name="testchrome" time="22.314" classname="com.facebook.pages.Dataprovider"/>
</testsuite> <!-- com.facebook.pages.Dataprovider -->
