<?xml version="1.0" encoding="UTF-8"?>
<!-- Generated by org.testng.reporters.JUnitReportReporter -->
<testsuite skipped="0" hostname="Lenovo" name="DataProviderfromprog.Dataproviderprac" tests="2" failures="0" timestamp="2020-01-18T21:00:00 IST" time="65.048" errors="0">
  <testcase name="singinwithdifferntusernamesAndPasswords" time="30.812" classname="DataProviderfromprog.Dataproviderprac"/>
  <testcase name="singinwithdifferntusernamesAndPasswords" time="34.236" classname="DataProviderfromprog.Dataproviderprac"/>
</testsuite> <!-- DataProviderfromprog.Dataproviderprac -->
