<?xml version="1.0" encoding="UTF-8"?>
<!-- Generated by org.testng.reporters.JUnitReportReporter -->
<testsuite skipped="1" hostname="Lenovo" name="DataProviderfromprog.DataProviderfromxls" tests="1" failures="0" timestamp="2020-01-18T23:13:27 IST" time="0.000" errors="0">
  <testcase name="checkloginScenario" time="0.000" classname="DataProviderfromprog.DataProviderfromxls">
    <skipped/>
  </testcase> <!-- checkloginScenario -->
</testsuite> <!-- DataProviderfromprog.DataProviderfromxls -->
