<?xml version="1.0" encoding="UTF-8"?>
<!-- Generated by org.testng.reporters.JUnitReportReporter -->
<testsuite skipped="0" hostname="Lenovo" name="MouseHoverMove.MouseHover" tests="1" failures="0" timestamp="2020-01-26T22:58:28 IST" time="26.620" errors="0">
  <testcase name="performMouseActions" time="26.620" classname="MouseHoverMove.MouseHover"/>
</testsuite> <!-- MouseHoverMove.MouseHover -->
