<?xml version="1.0" encoding="UTF-8"?>
<!-- Generated by org.testng.reporters.JUnitReportReporter -->
<testsuite skipped="0" hostname="Lenovo" name="actionpak.Actioninjquery" tests="1" failures="0" timestamp="2020-01-26T22:47:37 IST" time="40.644" errors="0">
  <testcase name="actionOnDrop" time="40.644" classname="actionpak.Actioninjquery"/>
</testsuite> <!-- actionpak.Actioninjquery -->
