<?xml version="1.0" encoding="UTF-8"?>
<!-- Generated by org.testng.reporters.JUnitReportReporter -->
<testsuite skipped="0" hostname="Lenovo" name="SearchBoxText.ActionwithSearch" tests="1" failures="0" timestamp="2020-01-26T22:56:11 IST" time="15.483" errors="0">
  <testcase name="shiftKeyActiononSearchBox" time="15.483" classname="SearchBoxText.ActionwithSearch"/>
</testsuite> <!-- SearchBoxText.ActionwithSearch -->
