<?xml version="1.0" encoding="UTF-8"?>
<!-- Generated by org.testng.reporters.JUnitReportReporter -->
<testsuite skipped="0" hostname="DESKTOP-70AVOOH" name="assignment.AlertHandle" tests="1" failures="0" timestamp="29 Jan 2020 10:49:44 GMT" time="24.867" errors="0">
  <testcase name="testalert" time="24.867" classname="assignment.AlertHandle"/>
</testsuite> <!-- assignment.AlertHandle -->
