<?xml version="1.0" encoding="UTF-8"?>
<!-- Generated by org.testng.reporters.JUnitReportReporter -->
<testsuite skipped="0" hostname="satyam-PC" name="com.tc.TC_SearchProduct" tests="3" failures="0" timestamp="11 Jan 2020 19:58:50 GMT" time="137.745" errors="0">
  <testcase name="seacrhProductWithKeyword" time="37.947" classname="com.tc.TC_SearchProduct"/>
  <testcase name="AddProductToCart" time="41.373" classname="com.tc.TC_SearchProduct"/>
  <testcase name="AddProductToCart" time="58.425" classname="com.tc.TC_SearchProduct"/>
</testsuite> <!-- com.tc.TC_SearchProduct -->
