<?xml version="1.0" encoding="UTF-8"?>
<!-- Generated by org.testng.reporters.JUnitReportReporter -->
<testsuite hostname="DESKTOP-GQ6CO90" failures="0" tests="1" name="trial.Cs_cart_7" time="57.957" errors="0" timestamp="10 Jan 2020 09:20:51 GMT" skipped="0">
  <testcase classname="trial.Cs_cart_7" name="cartDemo" time="57.957"/>
</testsuite> <!-- trial.Cs_cart_7 -->
