<?xml version="1.0" encoding="UTF-8"?>
<!-- Generated by org.testng.reporters.JUnitReportReporter -->
<testsuite hostname="DESKTOP-GQ6CO90" failures="0" tests="3" name="pom.TC.TC_SearchProducts" time="119.088" errors="0" timestamp="16 Jan 2020 03:01:59 GMT" skipped="0">
  <testcase classname="pom.TC.TC_SearchProducts" name="addProductToCart" time="61.096"/>
  <testcase classname="pom.TC.TC_SearchProducts" name="searchProductWithKey" time="22.268"/>
  <testcase classname="pom.TC.TC_SearchProducts" name="signIn" time="35.724"/>
</testsuite> <!-- pom.TC.TC_SearchProducts -->
