<?xml version="1.0" encoding="UTF-8"?>
<!-- Generated by org.testng.reporters.JUnitReportReporter -->
<testsuite skipped="0" hostname="DESKTOP-70AVOOH" name="assignment.WindowHandle" tests="1" failures="0" timestamp="28 Jan 2020 13:07:14 GMT" time="19.995" errors="0">
  <testcase name="windowHandle" time="19.995" classname="assignment.WindowHandle"/>
</testsuite> <!-- assignment.WindowHandle -->
