<?xml version="1.0" encoding="UTF-8"?>
<!-- Generated by org.testng.reporters.JUnitReportReporter -->
<testsuite skipped="1" hostname="Glob" name="Dataprov.DataproviderDemo" tests="1" failures="0" timestamp="18 Jan 2020 07:10:46 GMT" time="0.000" errors="0">
  <testcase name="checkloginsenario" time="0.000" classname="Dataprov.DataproviderDemo">
    <skipped/>
  </testcase> <!-- checkloginsenario -->
</testsuite> <!-- Dataprov.DataproviderDemo -->
