<?xml version="1.0" encoding="UTF-8"?>
<!-- Generated by org.testng.reporters.JUnitReportReporter -->
<testsuite hostname="DESKTOP-GQ6CO90" failures="0" tests="1" name="pom.TC.SignIn_TC" time="39.459" errors="0" timestamp="16 Jan 2020 08:53:15 GMT" skipped="0">
  <testcase classname="pom.TC.SignIn_TC" name="signIn" time="39.459"/>
</testsuite> <!-- pom.TC.SignIn_TC -->
