<?xml version="1.0" encoding="UTF-8"?>
<!-- Generated by org.testng.reporters.JUnitReportReporter -->
<testsuite skipped="0" hostname="DESKTOP-70AVOOH" name="po.Verifyfacebook" tests="1" failures="0" timestamp="08 Feb 2020 12:25:23 GMT" time="90.368" errors="0">
  <testcase name="verifylogin" time="90.368" classname="po.Verifyfacebook"/>
</testsuite> <!-- po.Verifyfacebook -->
