<?xml version="1.0" encoding="UTF-8"?>
<!-- Generated by org.testng.reporters.JUnitReportReporter -->
<testsuite skipped="0" hostname="DESKTOP-70AVOOH" name="assignment.MouseHover" tests="1" failures="0" timestamp="27 Jan 2020 07:55:21 GMT" time="16.425" errors="0">
  <testcase name="performMouseActions" time="16.425" classname="assignment.MouseHover"/>
</testsuite> <!-- assignment.MouseHover -->
