<?xml version="1.0" encoding="UTF-8"?>
<!-- Generated by org.testng.reporters.JUnitReportReporter -->
<testsuite skipped="1" hostname="satyam-PC" name="com.tc.TC_Seacrh" tests="2" failures="0" timestamp="12 Jan 2020 04:55:42 GMT" time="48.691" errors="0">
  <testcase name="AddProductToCart" time="48.691" classname="com.tc.TC_Seacrh"/>
  <testcase name="SeacrhproductWithProductKey" classname="com.tc.TC_Seacrh">
    <skipped/>
  </testcase> <!-- SeacrhproductWithProductKey -->
</testsuite> <!-- com.tc.TC_Seacrh -->
