<?xml version="1.0" encoding="UTF-8"?>
<!-- Generated by org.testng.reporters.JUnitReportReporter -->
<testsuite skipped="0" hostname="Glob" name="com.TC.TC_order" tests="2" failures="0" timestamp="22 Jan 2020 10:36:28 GMT" time="69.843" errors="0">
  <testcase name="order" time="42.388" classname="com.TC.TC_order"/>
  <testcase name="signin" time="27.455" classname="com.TC.TC_order"/>
</testsuite> <!-- com.TC.TC_order -->
