<?xml version="1.0" encoding="UTF-8"?>
<!-- Generated by org.testng.reporters.JUnitReportReporter -->
<testsuite skipped="0" hostname="Glob" name="com.TC.TC_searchpro" tests="2" failures="1" timestamp="13 Jan 2020 10:13:02 GMT" time="40.431" errors="0">
  <testcase name="searchproductusingproductkey" time="27.697" classname="com.TC.TC_searchpro"/>
  <testcase name="addproducttocart" time="12.734" classname="com.TC.TC_searchpro">
    <failure type="org.junit.ComparisonFailure" message="Electronics :: Cell Phones :: Motorola :: FLIPSIDE with MOTOBLUR expected:&lt;[Shopping Cart Software &amp; Ecommerce Software Solutions by CS-Cart]&gt; but was:&lt;[page is not able to navigate]&gt;">
      <![CDATA[org.junit.ComparisonFailure: Electronics :: Cell Phones :: Motorola :: FLIPSIDE with MOTOBLUR expected:<[Shopping Cart Software & Ecommerce Software Solutions by CS-Cart]> but was:<[page is not able to navigate]>
at org.junit.Assert.assertEquals(Assert.java:115)
at com.TC.TC_searchpro.addproducttocart(TC_searchpro.java:44)
at sun.reflect.NativeMethodAccessorImpl.invoke0(Native Method)
at sun.reflect.NativeMethodAccessorImpl.invoke(Unknown Source)
at sun.reflect.DelegatingMethodAccessorImpl.invoke(Unknown Source)
at java.lang.reflect.Method.invoke(Unknown Source)
at org.testng.internal.MethodInvocationHelper.invokeMethod(MethodInvocationHelper.java:124)
at org.testng.internal.Invoker.invokeMethod(Invoker.java:583)
at org.testng.internal.Invoker.invokeTestMethod(Invoker.java:719)
at org.testng.internal.Invoker.invokeTestMethods(Invoker.java:989)
at org.testng.internal.TestMethodWorker.invokeTestMethods(TestMethodWorker.java:125)
at org.testng.internal.TestMethodWorker.run(TestMethodWorker.java:109)
at org.testng.TestRunner.privateRun(TestRunner.java:648)
at org.testng.TestRunner.run(TestRunner.java:505)
at org.testng.SuiteRunner.runTest(SuiteRunner.java:455)
at org.testng.SuiteRunner.runSequentially(SuiteRunner.java:450)
at org.testng.SuiteRunner.privateRun(SuiteRunner.java:415)
at org.testng.SuiteRunner.run(SuiteRunner.java:364)
at org.testng.SuiteRunnerWorker.runSuite(SuiteRunnerWorker.java:52)
at org.testng.SuiteRunnerWorker.run(SuiteRunnerWorker.java:84)
at org.testng.TestNG.runSuitesSequentially(TestNG.java:1208)
at org.testng.TestNG.runSuitesLocally(TestNG.java:1137)
at org.testng.TestNG.runSuites(TestNG.java:1049)
at org.testng.TestNG.run(TestNG.java:1017)
at org.testng.remote.AbstractRemoteTestNG.run(AbstractRemoteTestNG.java:132)
at org.testng.remote.RemoteTestNG.initAndRun(RemoteTestNG.java:230)
at org.testng.remote.RemoteTestNG.main(RemoteTestNG.java:76)
]]>
    </failure>
  </testcase> <!-- addproducttocart -->
</testsuite> <!-- com.TC.TC_searchpro -->
