<?xml version="1.0" encoding="UTF-8"?>
<!-- Generated by org.testng.reporters.JUnitReportReporter -->
<testsuite skipped="0" hostname="DESKTOP-NHI3FNE" name="Window_Handling_SS.ScreenShot_Example" tests="1" failures="0" timestamp="21 Jan 2020 13:46:54 GMT" time="18.854" errors="0">
  <testcase name="SrcSHot" time="18.854" classname="Window_Handling_SS.ScreenShot_Example"/>
</testsuite> <!-- Window_Handling_SS.ScreenShot_Example -->
