<?xml version="1.0" encoding="UTF-8"?>
<!-- Generated by org.testng.reporters.JUnitReportReporter -->
<testsuite skipped="0" hostname="DESKTOP-70AVOOH" name="assignment.Actionwithsearch" tests="1" failures="0" timestamp="27 Jan 2020 08:22:33 GMT" time="25.829" errors="0">
  <testcase name="searchbox" time="25.829" classname="assignment.Actionwithsearch"/>
</testsuite> <!-- assignment.Actionwithsearch -->
