<?xml version="1.0" encoding="UTF-8"?>
<!-- Generated by org.testng.reporters.JUnitReportReporter -->
<testsuite skipped="0" hostname="Glob" name="com.TC.TC_homepg" tests="1" failures="0" timestamp="24 Jan 2020 14:16:38 GMT" time="24.799" errors="0">
  <testcase name="signin" time="24.799" classname="com.TC.TC_homepg"/>
</testsuite> <!-- com.TC.TC_homepg -->
