<?xml version="1.0" encoding="UTF-8"?>
<!-- Generated by org.testng.reporters.JUnitReportReporter -->
<testsuite skipped="0" hostname="DESKTOP-NHI3FNE" name="Window_Handling_SS.Window_Handler_Example" tests="1" failures="0" timestamp="21 Jan 2020 12:44:16 GMT" time="13.730" errors="0">
  <testcase name="TestHandle" time="13.730" classname="Window_Handling_SS.Window_Handler_Example"/>
</testsuite> <!-- Window_Handling_SS.Window_Handler_Example -->
