<?xml version="1.0" encoding="UTF-8"?>
<!-- Generated by org.testng.reporters.JUnitReportReporter -->
<testsuite skipped="0" hostname="Lenovo" name="guru99TakeScreenshot.Guru99TakeScreenshot" tests="1" failures="0" timestamp="2020-01-22T20:39:49 IST" time="16.852" errors="0">
  <testcase name="testGuru99TakeScreenShot" time="16.852" classname="guru99TakeScreenshot.Guru99TakeScreenshot"/>
</testsuite> <!-- guru99TakeScreenshot.Guru99TakeScreenshot -->
